2021-04-18 08:12:13,384 [main] INFO Zoopla Automation - ******** > Test excuted with chrome browser  < ***********
2021-04-18 08:12:14,973 [main] INFO Zoopla Automation - ******** > User able to enter URL  < ***********
2021-04-18 08:12:19,116 [main] INFO Zoopla Automation - ******** > User able click on Accept the cookies < ***********
2021-04-18 08:12:19,293 [main] INFO Zoopla Automation - ******** > User able to click on the login button < ***********
2021-04-18 08:12:22,623 [main] INFO Zoopla Automation - ******** > User enter the userName & Peassword < ***********
2021-04-18 08:12:23,019 [main] INFO Zoopla Automation - ******** > User click on the signing button < ***********
2021-04-18 08:12:23,045 [main] INFO Zoopla Automation - ******** > User able to verify successfully login & verify the homepage title < ***********
2021-04-18 08:12:25,064 [main] INFO Zoopla Automation - ******** > User able to take screen shot for verfy the homepage < ***********
2021-04-18 15:57:50,786 [main] INFO Zoopla Automation - ******** > Test excuted with chrome browser  < ***********
2021-04-18 15:57:52,758 [main] INFO Zoopla Automation - ******** > User able to enter URL  < ***********
2021-04-18 15:57:54,419 [main] INFO Zoopla Automation - ******** > User able click on Accept the cookies < ***********
2021-04-18 15:57:54,601 [main] INFO Zoopla Automation - ******** > User able to click on the login button < ***********
2021-04-18 15:57:55,732 [main] INFO Zoopla Automation - ******** > User enter the userName & Peassword < ***********
2021-04-18 15:57:55,959 [main] INFO Zoopla Automation - ******** > User click on the signing button < ***********
2021-04-18 15:57:55,981 [main] INFO Zoopla Automation - ******** > User able to verify successfully login & verify the homepage title < ***********
2021-04-18 15:57:57,995 [main] INFO Zoopla Automation - ******** > User able to take screen shot for verfy the homepage < ***********
2021-04-18 15:58:35,778 [main] INFO Zoopla Automation - ******** > Test excuted with chrome browser  < ***********
2021-04-18 15:58:37,608 [main] INFO Zoopla Automation - ******** > User able to enter URL  < ***********
2021-04-18 15:58:39,304 [main] INFO Zoopla Automation - ******** > User able click on Accept the cookies < ***********
2021-04-18 15:58:39,463 [main] INFO Zoopla Automation - ******** > User able to click on the login button < ***********
2021-04-18 15:58:40,439 [main] INFO Zoopla Automation - ******** > User enter the userName & Peassword < ***********
2021-04-18 15:58:40,641 [main] INFO Zoopla Automation - ******** > User click on the signing button < ***********
2021-04-18 15:58:40,664 [main] INFO Zoopla Automation - ******** > User able to verify successfully login & verify the homepage title < ***********
2021-04-18 15:58:42,678 [main] INFO Zoopla Automation - ******** > User able to take screen shot for verfy the homepage < ***********
2021-04-18 16:53:21,473 [main] INFO Zoopla Automation - ********** > Test excuted with chrome browser  < ***********
2021-04-18 16:53:23,349 [main] INFO Zoopla Automation - ******** > User able to enter URL  < ***********
2021-04-18 16:53:25,090 [main] INFO Zoopla Automation - ******** > User able click on Accept the cookies < ***********
2021-04-18 16:53:25,238 [main] INFO Zoopla Automation - ******** > User able to click on the login button < ***********
2021-04-18 16:53:26,451 [main] INFO Zoopla Automation - ******** > User enter the userName & Peassword < ***********
2021-04-18 16:53:26,664 [main] INFO Zoopla Automation - ******** > User click on the signing button < ***********
2021-04-18 16:53:26,681 [main] INFO Zoopla Automation - ******** > User able to verify successfully login & verify the homepage title < ***********
2021-04-18 16:53:28,687 [main] INFO Zoopla Automation - ******** > User able to take screen shot for verfy the homepage < ***********
2021-04-18 18:23:47,145 [main] INFO Zoopla Automation - ********** > Test excuted with chrome browser  < ***********
2021-04-18 18:23:49,047 [main] INFO Zoopla Automation - ******** > User able to enter URL  < ***********
2021-04-18 18:23:50,870 [main] INFO Zoopla Automation - ******** > User able click on Accept the cookies < ***********
2021-04-18 18:23:51,071 [main] INFO Zoopla Automation - ******** > User able to click on the login button < ***********
2021-04-18 18:23:51,744 [main] INFO Zoopla Automation - ******** > User enter the userName & Peassword < ***********
2021-04-18 18:23:52,130 [main] INFO Zoopla Automation - ******** > User click on the signing button < ***********
2021-04-18 18:23:52,148 [main] INFO Zoopla Automation - ******** > User able to verify successfully login & verify the homepage title < ***********
2021-04-18 18:23:54,159 [main] INFO Zoopla Automation - ******** > User able to take screen shot for verfy the homepage < ***********
2021-04-18 20:33:12,348 [main] INFO Zoopla Automation - ********** > Test excuted with chrome browser  < ***********
2021-04-18 20:33:14,205 [main] INFO Zoopla Automation - ******** > User able to enter URL  < ***********
2021-04-18 20:33:15,891 [main] INFO Zoopla Automation - ******** > User able click on Accept the cookies < ***********
2021-04-18 20:33:16,056 [main] INFO Zoopla Automation - ******** > User able to click on the login button < ***********
2021-04-18 20:33:17,246 [main] INFO Zoopla Automation - ******** > User enter the userName & Peassword < ***********
2021-04-18 20:33:17,471 [main] INFO Zoopla Automation - ******** > User click on the signing button < ***********
2021-04-18 20:33:17,495 [main] INFO Zoopla Automation - ******** > User able to verify successfully login & verify the homepage title < ***********
2021-04-18 20:33:19,504 [main] INFO Zoopla Automation - ******** > User able to take screen shot for verfy the homepage < ***********
2021-04-20 02:40:01,392 [main] INFO Zoopla Automation - ********** > Test excuted with chrome browser  < ***********
2021-04-20 02:40:02,997 [main] INFO Zoopla Automation - ******** > User able to enter URL  < ***********
2021-04-20 02:40:04,659 [main] INFO Zoopla Automation - ******** > User able click on Accept the cookies < ***********
2021-04-20 02:40:04,815 [main] INFO Zoopla Automation - ******** > User able to click on the login button < ***********
2021-04-20 02:40:06,063 [main] INFO Zoopla Automation - ******** > User enter the userName & Peassword < ***********
2021-04-20 02:40:06,272 [main] INFO Zoopla Automation - ******** > User click on the signing button < ***********
2021-04-20 02:40:06,290 [main] INFO Zoopla Automation - ******** > User able to verify successfully login & verify the homepage title < ***********
2021-04-20 02:40:08,303 [main] INFO Zoopla Automation - ******** > User able to take screen shot for verfy the homepage < ***********
2021-04-20 17:39:29,176 [main] INFO Zoopla Automation - ********** > Test excuted with chrome browser  < ***********
2021-04-20 17:39:31,038 [main] INFO Zoopla Automation - ******** > User able to enter URL  < ***********
2021-04-20 17:39:32,701 [main] INFO Zoopla Automation - ******** > User able click on Accept the cookies < ***********
2021-04-20 17:39:32,850 [main] INFO Zoopla Automation - ******** > User able to click on the login button < ***********
2021-04-20 17:39:33,904 [main] INFO Zoopla Automation - ******** > User enter the userName & Peassword < ***********
2021-04-20 17:39:34,121 [main] INFO Zoopla Automation - ******** > User click on the signing button < ***********
2021-04-20 17:39:34,138 [main] INFO Zoopla Automation - ******** > User able to verify successfully login & verify the homepage title < ***********
2021-04-20 17:39:36,146 [main] INFO Zoopla Automation - ******** > User able to take screen shot for verfy the homepage < ***********
2021-04-20 18:29:13,321 [main] INFO Zoopla Automation - ********** > Test excuted with chrome browser  < ***********
2021-04-20 18:29:15,182 [main] INFO Zoopla Automation - ******** > User able to enter URL  < ***********
2021-04-20 18:29:16,832 [main] INFO Zoopla Automation - ******** > User able click on Accept the cookies < ***********
2021-04-20 18:29:16,998 [main] INFO Zoopla Automation - ******** > User able to click on the login button < ***********
2021-04-20 18:29:17,986 [main] INFO Zoopla Automation - ******** > User enter the userName & Peassword < ***********
2021-04-20 18:29:18,202 [main] INFO Zoopla Automation - ******** > User click on the signing button < ***********
2021-04-20 18:29:18,228 [main] INFO Zoopla Automation - ******** > User able to verify successfully login & verify the homepage title < ***********
2021-04-20 18:29:20,247 [main] INFO Zoopla Automation - ******** > User able to take screen shot for verfy the homepage < ***********
2021-04-20 18:49:55,042 [main] INFO Zoopla Automation - ********** > Test excuted with chrome browser  < ***********
2021-04-20 18:49:56,606 [main] INFO Zoopla Automation - ******** > User able to enter URL  < ***********
2021-04-20 18:49:58,356 [main] INFO Zoopla Automation - ******** > User able click on Accept the cookies < ***********
2021-04-20 18:49:58,562 [main] INFO Zoopla Automation - ******** > User able to click on the login button < ***********
2021-04-20 18:49:59,623 [main] INFO Zoopla Automation - ******** > User enter the userName & Peassword < ***********
2021-04-20 18:49:59,851 [main] INFO Zoopla Automation - ******** > User click on the signing button < ***********
2021-04-20 18:49:59,879 [main] INFO Zoopla Automation - ******** > User able to verify successfully login & verify the homepage title < ***********
2021-04-20 18:50:01,896 [main] INFO Zoopla Automation - ******** > User able to take screen shot for verfy the homepage < ***********
2021-04-20 20:34:40,509 [main] INFO Zoopla Automation - ********** > Test excuted with chrome browser  < ***********
2021-04-20 20:34:42,125 [main] INFO Zoopla Automation - ******** > User able to enter URL  < ***********
2021-04-20 20:34:43,870 [main] INFO Zoopla Automation - ******** > User able click on Accept the cookies < ***********
2021-04-20 20:34:44,081 [main] INFO Zoopla Automation - ******** > User able to click on the login button < ***********
2021-04-20 20:34:45,184 [main] INFO Zoopla Automation - ******** > User enter the userName & Peassword < ***********
2021-04-20 20:34:45,388 [main] INFO Zoopla Automation - ******** > User click on the signing button < ***********
2021-04-20 20:34:45,408 [main] INFO Zoopla Automation - ******** > User able to verify successfully login & verify the homepage title < ***********
2021-04-20 20:34:47,422 [main] INFO Zoopla Automation - ******** > User able to take screen shot for verfy the homepage < ***********
2021-04-21 03:27:02,713 [main] INFO Zoopla Automation - ********** > Test excuted with chrome browser  < ***********
2021-04-21 03:27:04,342 [main] INFO Zoopla Automation - ******** > User able to enter URL  < ***********
2021-04-21 03:27:06,549 [main] INFO Zoopla Automation - ******** > User able click on Accept the cookies < ***********
2021-04-21 03:27:06,722 [main] INFO Zoopla Automation - ******** > User able to click on the login button < ***********
2021-04-21 03:27:07,477 [main] INFO Zoopla Automation - ******** > User enter the userName & Peassword < ***********
2021-04-21 03:27:07,816 [main] INFO Zoopla Automation - ******** > User click on the signing button < ***********
2021-04-21 03:27:07,841 [main] INFO Zoopla Automation - ******** > User able to verify successfully login & verify the homepage title < ***********
2021-04-21 03:27:09,859 [main] INFO Zoopla Automation - ******** > User able to take screen shot for verfy the homepage < ***********
2021-04-21 17:25:58,418 [main] INFO Zoopla Automation - ********** > Test excuted with chrome browser  < ***********
2021-04-21 17:25:59,988 [main] INFO Zoopla Automation - ******** > User able to enter URL  < ***********
2021-04-21 17:26:01,921 [main] INFO Zoopla Automation - ******** > User able click on Accept the cookies < ***********
2021-04-21 17:26:02,120 [main] INFO Zoopla Automation - ******** > User able to click on the login button < ***********
2021-04-21 17:26:03,170 [main] INFO Zoopla Automation - ******** > User enter the userName & Peassword < ***********
2021-04-21 17:26:03,373 [main] INFO Zoopla Automation - ******** > User click on the signing button < ***********
2021-04-21 17:26:03,389 [main] INFO Zoopla Automation - ******** > User able to verify successfully login & verify the homepage title < ***********
2021-04-21 17:26:05,396 [main] INFO Zoopla Automation - ******** > User able to take screen shot for verfy the homepage < ***********
2021-04-21 17:54:20,341 [main] INFO Zoopla Automation - ********** > Test excuted with chrome browser  < ***********
2021-04-21 17:54:21,922 [main] INFO Zoopla Automation - ******** > User able to enter URL  < ***********
2021-04-21 17:54:23,663 [main] INFO Zoopla Automation - ******** > User able click on Accept the cookies < ***********
2021-04-21 17:54:23,816 [main] INFO Zoopla Automation - ******** > User able to click on the login button < ***********
2021-04-21 17:54:24,812 [main] INFO Zoopla Automation - ******** > User enter the userName & Peassword < ***********
2021-04-21 17:54:25,019 [main] INFO Zoopla Automation - ******** > User click on the signing button < ***********
2021-04-21 17:54:25,034 [main] INFO Zoopla Automation - ******** > User able to verify successfully login & verify the homepage title < ***********
2021-04-21 17:54:27,040 [main] INFO Zoopla Automation - ******** > User able to take screen shot for verfy the homepage < ***********
2021-04-21 17:56:04,574 [main] INFO Zoopla Automation - ********** > Test excuted with chrome browser  < ***********
2021-04-21 17:56:06,206 [main] INFO Zoopla Automation - ******** > User able to enter URL  < ***********
2021-04-21 17:56:08,023 [main] INFO Zoopla Automation - ******** > User able click on Accept the cookies < ***********
2021-04-21 17:56:08,184 [main] INFO Zoopla Automation - ******** > User able to click on the login button < ***********
2021-04-21 17:56:09,347 [main] INFO Zoopla Automation - ******** > User enter the userName & Peassword < ***********
2021-04-21 17:56:09,549 [main] INFO Zoopla Automation - ******** > User click on the signing button < ***********
2021-04-21 17:56:09,564 [main] INFO Zoopla Automation - ******** > User able to verify successfully login & verify the homepage title < ***********
2021-04-21 17:56:11,571 [main] INFO Zoopla Automation - ******** > User able to take screen shot for verfy the homepage < ***********
2021-04-21 18:02:08,566 [main] INFO Zoopla Automation - ********** > Test excuted with chrome browser  < ***********
2021-04-21 18:02:10,178 [main] INFO Zoopla Automation - ******** > User able to enter URL  < ***********
2021-04-21 18:02:11,954 [main] INFO Zoopla Automation - ******** > User able click on Accept the cookies < ***********
2021-04-21 18:02:12,113 [main] INFO Zoopla Automation - ******** > User able to click on the login button < ***********
2021-04-21 18:02:13,273 [main] INFO Zoopla Automation - ******** > User enter the userName & Peassword < ***********
2021-04-21 18:02:13,483 [main] INFO Zoopla Automation - ******** > User click on the signing button < ***********
2021-04-21 18:02:13,500 [main] INFO Zoopla Automation - ******** > User able to verify successfully login & verify the homepage title < ***********
2021-04-21 18:02:15,507 [main] INFO Zoopla Automation - ******** > User able to take screen shot for verfy the homepage < ***********
2021-04-21 18:03:57,434 [main] INFO Zoopla Automation - ********** > Test excuted with chrome browser  < ***********
2021-04-21 18:03:59,046 [main] INFO Zoopla Automation - ******** > User able to enter URL  < ***********
2021-04-21 18:04:01,055 [main] INFO Zoopla Automation - ******** > User able click on Accept the cookies < ***********
2021-04-21 18:04:01,208 [main] INFO Zoopla Automation - ******** > User able to click on the login button < ***********
2021-04-21 18:04:02,177 [main] INFO Zoopla Automation - ******** > User enter the userName & Peassword < ***********
2021-04-21 18:04:02,385 [main] INFO Zoopla Automation - ******** > User click on the signing button < ***********
2021-04-21 18:04:02,402 [main] INFO Zoopla Automation - ******** > User able to verify successfully login & verify the homepage title < ***********
2021-04-21 18:04:04,409 [main] INFO Zoopla Automation - ******** > User able to take screen shot for verfy the homepage < ***********
2021-04-21 18:04:47,373 [main] INFO Zoopla Automation - ********** > Test excuted with chrome browser  < ***********
2021-04-21 18:04:48,957 [main] INFO Zoopla Automation - ******** > User able to enter URL  < ***********
2021-04-21 18:04:52,594 [main] INFO Zoopla Automation - ******** > User able click on Accept the cookies < ***********
2021-04-21 18:04:52,762 [main] INFO Zoopla Automation - ******** > User able to click on the login button < ***********
2021-04-21 18:04:56,865 [main] INFO Zoopla Automation - ******** > User enter the userName & Peassword < ***********
2021-04-21 18:04:57,086 [main] INFO Zoopla Automation - ******** > User click on the signing button < ***********
2021-04-21 18:04:57,106 [main] INFO Zoopla Automation - ******** > User able to verify successfully login & verify the homepage title < ***********
2021-04-21 18:04:59,114 [main] INFO Zoopla Automation - ******** > User able to take screen shot for verfy the homepage < ***********
2021-04-21 18:08:34,583 [main] INFO Zoopla Automation - ********** > Test excuted with chrome browser  < ***********
2021-04-21 18:08:36,197 [main] INFO Zoopla Automation - ******** > User able to enter URL  < ***********
2021-04-21 18:08:38,088 [main] INFO Zoopla Automation - ******** > User able click on Accept the cookies < ***********
2021-04-21 18:08:38,239 [main] INFO Zoopla Automation - ******** > User able to click on the login button < ***********
2021-04-21 18:08:39,195 [main] INFO Zoopla Automation - ******** > User enter the userName & Peassword < ***********
2021-04-21 18:08:39,413 [main] INFO Zoopla Automation - ******** > User click on the signing button < ***********
2021-04-21 18:08:39,430 [main] INFO Zoopla Automation - ******** > User able to verify successfully login & verify the homepage title < ***********
2021-04-21 18:08:41,436 [main] INFO Zoopla Automation - ******** > User able to take screen shot for verfy the homepage < ***********
2021-04-21 18:09:30,411 [main] INFO Zoopla Automation - ********** > Test excuted with chrome browser  < ***********
2021-04-21 18:09:32,042 [main] INFO Zoopla Automation - ******** > User able to enter URL  < ***********
2021-04-21 18:09:33,672 [main] INFO Zoopla Automation - ******** > User able click on Accept the cookies < ***********
2021-04-21 18:09:33,818 [main] INFO Zoopla Automation - ******** > User able to click on the login button < ***********
2021-04-21 18:09:34,960 [main] INFO Zoopla Automation - ******** > User enter the userName & Peassword < ***********
2021-04-21 18:09:35,163 [main] INFO Zoopla Automation - ******** > User click on the signing button < ***********
2021-04-21 18:09:35,178 [main] INFO Zoopla Automation - ******** > User able to verify successfully login & verify the homepage title < ***********
2021-04-21 18:09:37,185 [main] INFO Zoopla Automation - ******** > User able to take screen shot for verfy the homepage < ***********
2021-04-21 18:13:29,630 [main] INFO Zoopla Automation - ********** > Test excuted with chrome browser  < ***********
2021-04-21 18:13:31,248 [main] INFO Zoopla Automation - ******** > User able to enter URL  < ***********
2021-04-21 18:13:33,018 [main] INFO Zoopla Automation - ******** > User able click on Accept the cookies < ***********
2021-04-21 18:13:33,197 [main] INFO Zoopla Automation - ******** > User able to click on the login button < ***********
2021-04-21 18:13:34,199 [main] INFO Zoopla Automation - ******** > User enter the userName & Peassword < ***********
2021-04-21 18:13:34,422 [main] INFO Zoopla Automation - ******** > User click on the signing button < ***********
2021-04-21 18:13:34,440 [main] INFO Zoopla Automation - ******** > User able to verify successfully login & verify the homepage title < ***********
2021-04-21 18:13:36,446 [main] INFO Zoopla Automation - ******** > User able to take screen shot for verfy the homepage < ***********
2021-04-21 18:15:05,493 [main] INFO Zoopla Automation - ********** > Test excuted with chrome browser  < ***********
2021-04-21 18:15:07,064 [main] INFO Zoopla Automation - ******** > User able to enter URL  < ***********
2021-04-21 18:15:09,265 [main] INFO Zoopla Automation - ******** > User able click on Accept the cookies < ***********
2021-04-21 18:15:09,414 [main] INFO Zoopla Automation - ******** > User able to click on the login button < ***********
2021-04-21 18:15:10,396 [main] INFO Zoopla Automation - ******** > User enter the userName & Peassword < ***********
2021-04-21 18:15:10,603 [main] INFO Zoopla Automation - ******** > User click on the signing button < ***********
2021-04-21 18:15:10,619 [main] INFO Zoopla Automation - ******** > User able to verify successfully login & verify the homepage title < ***********
2021-04-21 18:15:12,627 [main] INFO Zoopla Automation - ******** > User able to take screen shot for verfy the homepage < ***********
2021-04-21 18:42:58,870 [main] INFO Zoopla Automation - ********** > Test excuted with chrome browser  < ***********
2021-04-21 18:43:00,463 [main] INFO Zoopla Automation - ******** > User able to enter URL  < ***********
2021-04-21 18:43:02,258 [main] INFO Zoopla Automation - ******** > User able click on Accept the cookies < ***********
2021-04-21 18:43:02,451 [main] INFO Zoopla Automation - ******** > User able to click on the login button < ***********
2021-04-21 18:43:03,741 [main] INFO Zoopla Automation - ******** > User enter the userName & Peassword < ***********
2021-04-21 18:43:03,966 [main] INFO Zoopla Automation - ******** > User click on the signing button < ***********
2021-04-21 18:43:03,995 [main] INFO Zoopla Automation - ******** > User able to verify successfully login & verify the homepage title < ***********
2021-04-21 18:43:06,013 [main] INFO Zoopla Automation - ******** > User able to take screen shot for verfy the homepage < ***********
2021-04-21 18:44:53,708 [main] INFO Zoopla Automation - ********** > Test excuted with chrome browser  < ***********
2021-04-21 18:44:55,319 [main] INFO Zoopla Automation - ******** > User able to enter URL  < ***********
2021-04-21 18:44:56,976 [main] INFO Zoopla Automation - ******** > User able click on Accept the cookies < ***********
2021-04-21 18:44:57,171 [main] INFO Zoopla Automation - ******** > User able to click on the login button < ***********
2021-04-21 18:44:58,122 [main] INFO Zoopla Automation - ******** > User enter the userName & Peassword < ***********
2021-04-21 18:44:58,342 [main] INFO Zoopla Automation - ******** > User click on the signing button < ***********
2021-04-21 18:44:58,369 [main] INFO Zoopla Automation - ******** > User able to verify successfully login & verify the homepage title < ***********
2021-04-21 18:45:00,380 [main] INFO Zoopla Automation - ******** > User able to take screen shot for verfy the homepage < ***********
2021-04-21 18:46:18,245 [main] INFO Zoopla Automation - ********** > Test excuted with chrome browser  < ***********
2021-04-21 18:46:19,861 [main] INFO Zoopla Automation - ******** > User able to enter URL  < ***********
2021-04-21 18:46:21,449 [main] INFO Zoopla Automation - ******** > User able click on Accept the cookies < ***********
2021-04-21 18:46:21,626 [main] INFO Zoopla Automation - ******** > User able to click on the login button < ***********
2021-04-21 18:46:22,750 [main] INFO Zoopla Automation - ******** > User enter the userName & Peassword < ***********
2021-04-21 18:46:22,983 [main] INFO Zoopla Automation - ******** > User click on the signing button < ***********
2021-04-21 18:46:23,008 [main] INFO Zoopla Automation - ******** > User able to verify successfully login & verify the homepage title < ***********
2021-04-21 18:46:25,026 [main] INFO Zoopla Automation - ******** > User able to take screen shot for verfy the homepage < ***********
2021-04-21 18:47:30,401 [main] INFO Zoopla Automation - ********** > Test excuted with chrome browser  < ***********
2021-04-21 18:47:32,032 [main] INFO Zoopla Automation - ******** > User able to enter URL  < ***********
2021-04-21 18:47:33,681 [main] INFO Zoopla Automation - ******** > User able click on Accept the cookies < ***********
2021-04-21 18:47:33,842 [main] INFO Zoopla Automation - ******** > User able to click on the login button < ***********
2021-04-21 18:47:34,969 [main] INFO Zoopla Automation - ******** > User enter the userName & Peassword < ***********
2021-04-21 18:47:35,185 [main] INFO Zoopla Automation - ******** > User click on the signing button < ***********
2021-04-21 18:47:35,205 [main] INFO Zoopla Automation - ******** > User able to verify successfully login & verify the homepage title < ***********
2021-04-21 18:47:37,211 [main] INFO Zoopla Automation - ******** > User able to take screen shot for verfy the homepage < ***********
2021-04-21 18:51:08,358 [main] INFO Zoopla Automation - ********** > Test excuted with chrome browser  < ***********
2021-04-21 18:51:09,989 [main] INFO Zoopla Automation - ******** > User able to enter URL  < ***********
2021-04-21 18:51:11,722 [main] INFO Zoopla Automation - ******** > User able click on Accept the cookies < ***********
2021-04-21 18:51:11,885 [main] INFO Zoopla Automation - ******** > User able to click on the login button < ***********
2021-04-21 18:51:13,118 [main] INFO Zoopla Automation - ******** > User enter the userName & Peassword < ***********
2021-04-21 18:51:13,343 [main] INFO Zoopla Automation - ******** > User click on the signing button < ***********
2021-04-21 18:51:13,360 [main] INFO Zoopla Automation - ******** > User able to verify successfully login & verify the homepage title < ***********
2021-04-21 18:51:15,375 [main] INFO Zoopla Automation - ******** > User able to take screen shot for verfy the homepage < ***********
2021-04-21 18:52:58,008 [main] INFO Zoopla Automation - ********** > Test excuted with chrome browser  < ***********
2021-04-21 18:52:59,636 [main] INFO Zoopla Automation - ******** > User able to enter URL  < ***********
2021-04-21 18:53:01,283 [main] INFO Zoopla Automation - ******** > User able click on Accept the cookies < ***********
2021-04-21 18:53:01,441 [main] INFO Zoopla Automation - ******** > User able to click on the login button < ***********
2021-04-21 18:56:25,266 [main] INFO Zoopla Automation - ********** > Test excuted with chrome browser  < ***********
2021-04-21 18:56:26,852 [main] INFO Zoopla Automation - ******** > User able to enter URL  < ***********
2021-04-21 18:56:28,618 [main] INFO Zoopla Automation - ******** > User able click on Accept the cookies < ***********
2021-04-21 18:56:28,789 [main] INFO Zoopla Automation - ******** > User able to click on the login button < ***********
2021-04-21 18:56:29,793 [main] INFO Zoopla Automation - ******** > User enter the userName & Peassword < ***********
2021-04-21 18:56:30,012 [main] INFO Zoopla Automation - ******** > User click on the signing button < ***********
2021-04-21 18:56:30,037 [main] INFO Zoopla Automation - ******** > User able to verify successfully login & verify the homepage title < ***********
2021-04-21 18:56:32,044 [main] INFO Zoopla Automation - ******** > User able to take screen shot for verfy the homepage < ***********
2021-04-21 18:59:16,491 [main] INFO Zoopla Automation - ********** > Test excuted with chrome browser  < ***********
2021-04-21 18:59:18,045 [main] INFO Zoopla Automation - ******** > User able to enter URL  < ***********
2021-04-21 18:59:19,707 [main] INFO Zoopla Automation - ******** > User able click on Accept the cookies < ***********
2021-04-21 18:59:19,869 [main] INFO Zoopla Automation - ******** > User able to click on the login button < ***********
2021-04-21 18:59:21,083 [main] INFO Zoopla Automation - ******** > User enter the userName & Peassword < ***********
2021-04-21 18:59:21,292 [main] INFO Zoopla Automation - ******** > User click on the signing button < ***********
2021-04-21 18:59:21,316 [main] INFO Zoopla Automation - ******** > User able to verify successfully login & verify the homepage title < ***********
2021-04-21 18:59:23,332 [main] INFO Zoopla Automation - ******** > User able to take screen shot for verfy the homepage < ***********
2021-04-22 02:47:11,492 [main] INFO Zoopla Automation - ********** > Test excuted with chrome browser  < ***********
2021-04-22 02:47:13,196 [main] INFO Zoopla Automation - ******** > User able to enter URL  < ***********
2021-04-22 02:47:14,928 [main] INFO Zoopla Automation - ******** > User able click on Accept the cookies < ***********
2021-04-22 02:47:15,116 [main] INFO Zoopla Automation - ******** > User able to click on the login button < ***********
2021-04-22 02:47:16,154 [main] INFO Zoopla Automation - ******** > User enter the userName & Peassword < ***********
2021-04-22 02:47:16,395 [main] INFO Zoopla Automation - ******** > User click on the signing button < ***********
2021-04-22 02:47:16,418 [main] INFO Zoopla Automation - ******** > User able to verify successfully login & verify the homepage title < ***********
2021-04-22 02:47:18,423 [main] INFO Zoopla Automation - ******** > User able to take screen shot for verfy the homepage < ***********
2021-04-22 02:49:09,249 [main] INFO Zoopla Automation - ********** > Test excuted with chrome browser  < ***********
2021-04-22 02:49:10,871 [main] INFO Zoopla Automation - ******** > User able to enter URL  < ***********
2021-04-22 02:49:12,992 [main] INFO Zoopla Automation - ******** > User able click on Accept the cookies < ***********
2021-04-22 02:49:13,144 [main] INFO Zoopla Automation - ******** > User able to click on the login button < ***********
2021-04-22 02:49:14,100 [main] INFO Zoopla Automation - ******** > User enter the userName & Peassword < ***********
2021-04-22 02:49:14,334 [main] INFO Zoopla Automation - ******** > User click on the signing button < ***********
2021-04-22 02:49:14,358 [main] INFO Zoopla Automation - ******** > User able to verify successfully login & verify the homepage title < ***********
2021-04-22 02:49:16,375 [main] INFO Zoopla Automation - ******** > User able to take screen shot for verfy the homepage < ***********
2021-04-22 03:12:12,885 [main] INFO Zoopla Automation - ********** > Test excuted with chrome browser  < ***********
2021-04-22 03:12:14,510 [main] INFO Zoopla Automation - ******** > User able to enter URL  < ***********
2021-04-22 03:12:16,257 [main] INFO Zoopla Automation - ******** > User able click on Accept the cookies < ***********
2021-04-22 03:12:16,405 [main] INFO Zoopla Automation - ******** > User able to click on the login button < ***********
2021-04-22 03:12:17,498 [main] INFO Zoopla Automation - ******** > User enter the userName & Peassword < ***********
2021-04-22 03:12:17,714 [main] INFO Zoopla Automation - ******** > User click on the signing button < ***********
2021-04-22 03:12:17,737 [main] INFO Zoopla Automation - ******** > User able to verify successfully login & verify the homepage title < ***********
2021-04-22 03:12:19,747 [main] INFO Zoopla Automation - ******** > User able to take screen shot for verfy the homepage < ***********
2021-04-22 03:15:06,289 [main] INFO Zoopla Automation - ********** > Test excuted with chrome browser  < ***********
2021-04-22 03:15:07,942 [main] INFO Zoopla Automation - ******** > User able to enter URL  < ***********
2021-04-22 03:15:09,790 [main] INFO Zoopla Automation - ******** > User able click on Accept the cookies < ***********
2021-04-22 03:15:10,001 [main] INFO Zoopla Automation - ******** > User able to click on the login button < ***********
2021-04-22 03:15:10,971 [main] INFO Zoopla Automation - ******** > User enter the userName & Peassword < ***********
2021-04-22 03:15:11,192 [main] INFO Zoopla Automation - ******** > User click on the signing button < ***********
2021-04-22 03:15:11,212 [main] INFO Zoopla Automation - ******** > User able to verify successfully login & verify the homepage title < ***********
2021-04-22 03:15:13,234 [main] INFO Zoopla Automation - ******** > User able to take screen shot for verfy the homepage < ***********
2021-04-22 03:22:32,817 [main] INFO Zoopla Automation - ********** > Test excuted with chrome browser  < ***********
2021-04-22 03:22:34,447 [main] INFO Zoopla Automation - ******** > User able to enter URL  < ***********
2021-04-22 03:22:36,091 [main] INFO Zoopla Automation - ******** > User able click on Accept the cookies < ***********
2021-04-22 03:22:36,241 [main] INFO Zoopla Automation - ******** > User able to click on the login button < ***********
2021-04-22 03:22:37,284 [main] INFO Zoopla Automation - ******** > User enter the userName & Peassword < ***********
2021-04-22 03:22:37,514 [main] INFO Zoopla Automation - ******** > User click on the signing button < ***********
2021-04-22 03:22:37,531 [main] INFO Zoopla Automation - ******** > User able to verify successfully login & verify the homepage title < ***********
2021-04-22 03:22:39,547 [main] INFO Zoopla Automation - ******** > User able to take screen shot for verfy the homepage < ***********
2021-04-22 03:29:38,450 [main] INFO Zoopla Automation - ********** > Test excuted with chrome browser  < ***********
2021-04-22 03:29:40,096 [main] INFO Zoopla Automation - ******** > User able to enter URL  < ***********
2021-04-22 03:29:41,739 [main] INFO Zoopla Automation - ******** > User able click on Accept the cookies < ***********
2021-04-22 03:29:41,902 [main] INFO Zoopla Automation - ******** > User able to click on the login button < ***********
2021-04-22 03:29:42,999 [main] INFO Zoopla Automation - ******** > User enter the userName & Peassword < ***********
2021-04-22 03:29:43,221 [main] INFO Zoopla Automation - ******** > User click on the signing button < ***********
2021-04-22 03:29:43,248 [main] INFO Zoopla Automation - ******** > User able to verify successfully login & verify the homepage title < ***********
2021-04-22 03:29:45,254 [main] INFO Zoopla Automation - ******** > User able to take screen shot for verfy the homepage < ***********
2021-04-23 17:04:37,591 [main] INFO Zoopla Automation - ********** > Test excuted with chrome browser  < ***********
2021-04-23 17:04:39,685 [main] INFO Zoopla Automation - ******** > User able to enter URL  < ***********
2021-04-23 17:04:41,116 [main] INFO Zoopla Automation - ******** > User able click on Accept the cookies < ***********
2021-04-23 17:04:41,272 [main] INFO Zoopla Automation - ******** > User able to click on the login button < ***********
2021-04-23 17:04:42,157 [main] INFO Zoopla Automation - ******** > User can enter the user name < ***********
2021-04-23 17:04:42,244 [main] INFO Zoopla Automation - ******** > User can  enter the pwd < ***********
2021-04-23 17:04:42,337 [main] INFO Zoopla Automation - ******** > User click on the signing button < ***********
2021-04-23 17:04:42,350 [main] INFO Zoopla Automation - ******** > User able to verify successfully login & verify the homepage title < ***********
2021-04-23 17:04:44,356 [main] INFO Zoopla Automation - ******** > User able to take screen shot for verfy the homepage < ***********
2021-04-23 17:04:45,175 [main] INFO Zoopla Automation - ********** > Test excuted with chrome browser  < ***********
2021-04-23 17:04:46,339 [main] INFO Zoopla Automation - ******** > User able to enter URL  < ***********
2021-04-23 17:04:47,694 [main] INFO Zoopla Automation - ******** > User able click on Accept the cookies < ***********
2021-04-23 17:04:47,823 [main] INFO Zoopla Automation - ******** > User able to click on the login button < ***********
2021-04-23 17:04:48,899 [main] INFO Zoopla Automation - ******** > User can enter the user name < ***********
2021-04-23 17:04:48,984 [main] INFO Zoopla Automation - ******** > User can  enter the pwd < ***********
2021-04-23 17:04:49,078 [main] INFO Zoopla Automation - ******** > User click on the signing button < ***********
2021-04-23 17:04:49,101 [main] INFO Zoopla Automation - ******** > User able to verify successfully login & verify the homepage title < ***********
2021-04-23 17:04:51,106 [main] INFO Zoopla Automation - ******** > User able to take screen shot for verfy the homepage < ***********
2021-04-23 17:04:51,871 [main] INFO Zoopla Automation - ********** > Test excuted with chrome browser  < ***********
2021-04-23 17:04:53,089 [main] INFO Zoopla Automation - ******** > User able to enter URL  < ***********
2021-04-23 17:04:55,023 [main] INFO Zoopla Automation - ******** > User able click on Accept the cookies < ***********
2021-04-23 17:04:55,135 [main] INFO Zoopla Automation - ******** > User able to click on the login button < ***********
2021-04-23 17:04:56,083 [main] INFO Zoopla Automation - ******** > User can enter the user name < ***********
2021-04-23 17:04:56,158 [main] INFO Zoopla Automation - ******** > User can  enter the pwd < ***********
2021-04-23 17:04:56,247 [main] INFO Zoopla Automation - ******** > User click on the signing button < ***********
2021-04-23 17:04:56,260 [main] INFO Zoopla Automation - ******** > User able to verify successfully login & verify the homepage title < ***********
2021-04-23 17:04:58,264 [main] INFO Zoopla Automation - ******** > User able to take screen shot for verfy the homepage < ***********
2021-04-23 17:04:58,972 [main] INFO Zoopla Automation - ********** > Test excuted with chrome browser  < ***********
2021-04-23 17:05:00,134 [main] INFO Zoopla Automation - ******** > User able to enter URL  < ***********
2021-04-23 17:05:01,337 [main] INFO Zoopla Automation - ******** > User able click on Accept the cookies < ***********
2021-04-23 17:05:01,452 [main] INFO Zoopla Automation - ******** > User able to click on the login button < ***********
2021-04-23 17:05:02,319 [main] INFO Zoopla Automation - ******** > User can enter the user name < ***********
2021-04-23 17:05:02,402 [main] INFO Zoopla Automation - ******** > User can  enter the pwd < ***********
2021-04-23 17:05:02,490 [main] INFO Zoopla Automation - ******** > User click on the signing button < ***********
2021-04-23 17:05:02,508 [main] INFO Zoopla Automation - ******** > User able to verify successfully login & verify the homepage title < ***********
2021-04-23 17:05:04,514 [main] INFO Zoopla Automation - ******** > User able to take screen shot for verfy the homepage < ***********
2021-04-23 17:05:05,250 [main] INFO Zoopla Automation - ********** > Test excuted with chrome browser  < ***********
2021-04-23 17:05:06,411 [main] INFO Zoopla Automation - ******** > User able to enter URL  < ***********
2021-04-23 17:05:07,621 [main] INFO Zoopla Automation - ******** > User able click on Accept the cookies < ***********
2021-04-23 17:05:07,753 [main] INFO Zoopla Automation - ******** > User able to click on the login button < ***********
2021-04-23 17:05:08,736 [main] INFO Zoopla Automation - ******** > User can enter the user name < ***********
2021-04-23 17:05:08,828 [main] INFO Zoopla Automation - ******** > User can  enter the pwd < ***********
2021-04-23 17:05:08,923 [main] INFO Zoopla Automation - ******** > User click on the signing button < ***********
2021-04-23 17:05:08,938 [main] INFO Zoopla Automation - ******** > User able to verify successfully login & verify the homepage title < ***********
2021-04-23 17:05:10,942 [main] INFO Zoopla Automation - ******** > User able to take screen shot for verfy the homepage < ***********
2021-04-23 17:07:16,506 [main] INFO Zoopla Automation - ********** > Test excuted with chrome browser  < ***********
2021-04-23 17:07:18,611 [main] INFO Zoopla Automation - ******** > User able to enter URL  < ***********
2021-04-23 17:07:19,813 [main] INFO Zoopla Automation - ******** > User able click on Accept the cookies < ***********
2021-04-23 17:07:19,956 [main] INFO Zoopla Automation - ******** > User able to click on the login button < ***********
2021-04-23 17:07:21,140 [main] INFO Zoopla Automation - ******** > User can enter the user name < ***********
2021-04-23 17:07:21,232 [main] INFO Zoopla Automation - ******** > User can  enter the pwd < ***********
2021-04-23 17:07:21,326 [main] INFO Zoopla Automation - ******** > User click on the signing button < ***********
2021-04-23 17:07:21,342 [main] INFO Zoopla Automation - ******** > User able to verify successfully login & verify the homepage title < ***********
2021-04-23 17:07:23,347 [main] INFO Zoopla Automation - ******** > User able to take screen shot for verfy the homepage < ***********
2021-04-23 17:07:24,131 [main] INFO Zoopla Automation - ********** > Test excuted with chrome browser  < ***********
2021-04-23 17:07:25,297 [main] INFO Zoopla Automation - ******** > User able to enter URL  < ***********
2021-04-23 17:07:26,515 [main] INFO Zoopla Automation - ******** > User able click on Accept the cookies < ***********
2021-04-23 17:07:26,634 [main] INFO Zoopla Automation - ******** > User able to click on the login button < ***********
2021-04-23 17:07:27,517 [main] INFO Zoopla Automation - ******** > User can enter the user name < ***********
2021-04-23 17:07:27,589 [main] INFO Zoopla Automation - ******** > User can  enter the pwd < ***********
2021-04-23 17:07:27,684 [main] INFO Zoopla Automation - ******** > User click on the signing button < ***********
2021-04-23 17:07:27,701 [main] INFO Zoopla Automation - ******** > User able to verify successfully login & verify the homepage title < ***********
2021-04-23 17:07:29,708 [main] INFO Zoopla Automation - ******** > User able to take screen shot for verfy the homepage < ***********
2021-04-23 17:07:30,456 [main] INFO Zoopla Automation - ********** > Test excuted with chrome browser  < ***********
2021-04-23 17:07:31,616 [main] INFO Zoopla Automation - ******** > User able to enter URL  < ***********
2021-04-23 17:07:32,859 [main] INFO Zoopla Automation - ******** > User able click on Accept the cookies < ***********
2021-04-23 17:07:32,979 [main] INFO Zoopla Automation - ******** > User able to click on the login button < ***********
2021-04-23 17:07:33,873 [main] INFO Zoopla Automation - ******** > User can enter the user name < ***********
2021-04-23 17:07:33,963 [main] INFO Zoopla Automation - ******** > User can  enter the pwd < ***********
2021-04-23 17:07:34,050 [main] INFO Zoopla Automation - ******** > User click on the signing button < ***********
2021-04-23 17:07:34,061 [main] INFO Zoopla Automation - ******** > User able to verify successfully login & verify the homepage title < ***********
2021-04-23 17:07:36,065 [main] INFO Zoopla Automation - ******** > User able to take screen shot for verfy the homepage < ***********
2021-04-23 17:07:36,817 [main] INFO Zoopla Automation - ********** > Test excuted with chrome browser  < ***********
2021-04-23 17:07:37,966 [main] INFO Zoopla Automation - ******** > User able to enter URL  < ***********
2021-04-23 17:07:39,156 [main] INFO Zoopla Automation - ******** > User able click on Accept the cookies < ***********
2021-04-23 17:07:39,289 [main] INFO Zoopla Automation - ******** > User able to click on the login button < ***********
2021-04-23 17:07:40,289 [main] INFO Zoopla Automation - ******** > User can enter the user name < ***********
2021-04-23 17:07:40,375 [main] INFO Zoopla Automation - ******** > User can  enter the pwd < ***********
2021-04-23 17:07:40,458 [main] INFO Zoopla Automation - ******** > User click on the signing button < ***********
2021-04-23 17:07:40,476 [main] INFO Zoopla Automation - ******** > User able to verify successfully login & verify the homepage title < ***********
2021-04-23 17:07:42,481 [main] INFO Zoopla Automation - ******** > User able to take screen shot for verfy the homepage < ***********
2021-04-23 17:07:43,175 [main] INFO Zoopla Automation - ********** > Test excuted with chrome browser  < ***********
2021-04-23 17:07:44,334 [main] INFO Zoopla Automation - ******** > User able to enter URL  < ***********
2021-04-23 17:07:45,486 [main] INFO Zoopla Automation - ******** > User able click on Accept the cookies < ***********
2021-04-23 17:07:45,608 [main] INFO Zoopla Automation - ******** > User able to click on the login button < ***********
2021-04-23 17:07:46,541 [main] INFO Zoopla Automation - ******** > User can enter the user name < ***********
2021-04-23 17:07:46,625 [main] INFO Zoopla Automation - ******** > User can  enter the pwd < ***********
2021-04-23 17:07:46,710 [main] INFO Zoopla Automation - ******** > User click on the signing button < ***********
2021-04-23 17:07:46,722 [main] INFO Zoopla Automation - ******** > User able to verify successfully login & verify the homepage title < ***********
2021-04-23 17:07:48,727 [main] INFO Zoopla Automation - ******** > User able to take screen shot for verfy the homepage < ***********
